<?xml version="1.0" encoding="UTF-8"?>
<!-- Generated by org.testng.reporters.JUnitXMLReporter -->
<testsuite hostname="DESKTOP-7G8TFB3" ignored="0" tests="3" failures="1" timestamp="2021-11-17T22:28:15 CST" time="0.055" errors="0">
  <testcase name="testCase" time="0.001" classname="DemoTest"/>
  <testcase name="testCase2_1" time="0.0" classname="DemoTest"/>
  <testcase name="testCase2_2" time="0.0" classname="DemoTest">
    <failure type="org.testng.TestNGException" message="
Parameter &amp;apos;a&amp;apos; is required by @Test on method testCase2_2 but has not been marked @Optional or defined
in C:\Users\86198\.IntelliJIdea2019.3\system\temp-testng-customsuite.xml">
      <![CDATA[org.testng.TestNGException: 
Parameter 'a' is required by @Test on method testCase2_2 but has not been marked @Optional or defined
in C:\Users\86198\.IntelliJIdea2019.3\system\temp-testng-customsuite.xml
at java.util.ArrayList.forEach(ArrayList.java:1257)
at com.intellij.rt.testng.IDEARemoteTestNG.run(IDEARemoteTestNG.java:66)
at com.intellij.rt.testng.RemoteTestNGStarter.main(RemoteTestNGStarter.java:110)
... Removed 23 stack frames]]>
    </failure>
  </testcase> <!-- testCase2_2 -->
</testsuite>
